<?xml version="1.0" encoding="UTF-8"?>
<coverage generated="1613969125373" clover="3.2.0">
  <project timestamp="1613969125373" name="All files">
    <metrics statements="3" coveredstatements="3" conditionals="3" coveredconditionals="3" methods="3" coveredmethods="3" elements="9" coveredelements="9" complexity="0" loc="3" ncloc="3" packages="1" files="1" classes="1"/>
    <file name="math.js" path="/Users/yizhewang/Desktop/learn_test/math.js">
      <metrics statements="3" coveredstatements="3" conditionals="3" coveredconditionals="3" methods="3" coveredmethods="3"/>
      <line num="1" count="1" type="cond" truecount="1" falsecount="0"/>
      <line num="2" count="1" type="cond" truecount="1" falsecount="0"/>
      <line num="3" count="1" type="cond" truecount="1" falsecount="0"/>
    </file>
  </project>
</coverage>
