{"/Users/yizhewang/Desktop/learn_test/math.js": {"path":"/Users/yizhewang/Desktop/learn_test/math.js","all":false,"statementMap":{"0":{"start":{"line":1,"column":0},"end":{"line":1,"column":35}},"1":{"start":{"line":2,"column":0},"end":{"line":2,"column":37}},"2":{"start":{"line":3,"column":0},"end":{"line":3,"column":37}}},"s":{"0":1,"1":1,"2":1},"branchMap":{"0":{"type":"branch","line":1,"loc":{"start":{"line":1,"column":19},"end":{"line":1,"column":35}},"locations":[{"start":{"line":1,"column":19},"end":{"line":1,"column":35}}]},"1":{"type":"branch","line":2,"loc":{"start":{"line":2,"column":21},"end":{"line":2,"column":37}},"locations":[{"start":{"line":2,"column":21},"end":{"line":2,"column":37}}]},"2":{"type":"branch","line":3,"loc":{"start":{"line":3,"column":21},"end":{"line":3,"column":37}},"locations":[{"start":{"line":3,"column":21},"end":{"line":3,"column":37}}]}},"b":{"0":[1],"1":[1],"2":[1]},"fnMap":{"0":{"name":"add","decl":{"start":{"line":1,"column":19},"end":{"line":1,"column":35}},"loc":{"start":{"line":1,"column":19},"end":{"line":1,"column":35}},"line":1},"1":{"name":"minus","decl":{"start":{"line":2,"column":21},"end":{"line":2,"column":37}},"loc":{"start":{"line":2,"column":21},"end":{"line":2,"column":37}},"line":2},"2":{"name":"multi","decl":{"start":{"line":3,"column":21},"end":{"line":3,"column":37}},"loc":{"start":{"line":3,"column":21},"end":{"line":3,"column":37}},"line":3}},"f":{"0":1,"1":1,"2":1}}
}
